c:\users\serho\source\repos\super campeones s.a\super campeones s.a\x64\debug\super campeones s.a.pch
c:\users\serho\source\repos\super campeones s.a\super campeones s.a\x64\debug\vc143.pdb
c:\users\serho\source\repos\super campeones s.a\super campeones s.a\x64\debug\pch.obj
c:\users\serho\source\repos\super campeones s.a\super campeones s.a\x64\debug\super campeones s.a.obj
c:\users\serho\source\repos\super campeones s.a\super campeones s.a\x64\debug\mainform.obj
c:\users\serho\source\repos\super campeones s.a\super campeones s.a\x64\debug\assemblyinfo.obj
c:\users\serho\source\repos\super campeones s.a\super campeones s.a\x64\debug\.netframework,version=v4.7.2.assemblyattributes.obj
c:\users\serho\source\repos\super campeones s.a\super campeones s.a\x64\debug\selecciones1.obj
c:\users\serho\source\repos\super campeones s.a\super campeones s.a\x64\debug\inicio.obj
c:\users\serho\source\repos\super campeones s.a\super campeones s.a\x64\debug\encuentros1.obj
c:\users\serho\source\repos\super campeones s.a\super campeones s.a\x64\debug\modificar_selecciones.obj
c:\users\serho\source\repos\super campeones s.a\super campeones s.a\x64\debug\jugadores.obj
c:\users\serho\source\repos\super campeones s.a\super campeones s.a\x64\debug\db.obj
c:\users\serho\source\repos\super campeones s.a\x64\debug\mysql.data.dll
c:\users\serho\source\repos\super campeones s.a\x64\debug\google.protobuf.dll
c:\users\serho\source\repos\super campeones s.a\x64\debug\zstdnet.dll
c:\users\serho\source\repos\super campeones s.a\x64\debug\k4os.compression.lz4.streams.dll
c:\users\serho\source\repos\super campeones s.a\x64\debug\bouncycastle.crypto.dll
c:\users\serho\source\repos\super campeones s.a\x64\debug\ubiety.dns.core.dll
c:\users\serho\source\repos\super campeones s.a\x64\debug\system.memory.dll
c:\users\serho\source\repos\super campeones s.a\x64\debug\system.buffers.dll
c:\users\serho\source\repos\super campeones s.a\x64\debug\k4os.compression.lz4.dll
c:\users\serho\source\repos\super campeones s.a\x64\debug\k4os.hash.xxhash.dll
c:\users\serho\source\repos\super campeones s.a\x64\debug\mysql.data.xml
c:\users\serho\source\repos\super campeones s.a\x64\debug\super campeones s.a.exe
c:\users\serho\source\repos\super campeones s.a\x64\debug\super campeones s.a.pdb
c:\users\serho\source\repos\super campeones s.a\super campeones s.a\x64\debug\super ca.8ce981ad.tlog\metagen.write.1.tlog
c:\users\serho\source\repos\super campeones s.a\super campeones s.a\x64\debug\app.res
c:\users\serho\source\repos\super campeones s.a\super campeones s.a\x64\debug\supercampeonessa.mainform.resources
c:\users\serho\source\repos\super campeones s.a\super campeones s.a\x64\debug\supercampeonessa.encuentros1.resources
c:\users\serho\source\repos\super campeones s.a\super campeones s.a\x64\debug\supercampeonessa.inicio.resources
c:\users\serho\source\repos\super campeones s.a\super campeones s.a\x64\debug\supercampeonessa.selecciones1.resources
c:\users\serho\source\repos\super campeones s.a\super campeones s.a\x64\debug\supercampeonessa.modificar_selecciones.resources
c:\users\serho\source\repos\super campeones s.a\super campeones s.a\x64\debug\supercampeonessa.jugadores.resources
c:\users\serho\source\repos\super campeones s.a\super campeones s.a\x64\debug\super ca.8ce981ad.tlog\cl.command.1.tlog
c:\users\serho\source\repos\super campeones s.a\super campeones s.a\x64\debug\super ca.8ce981ad.tlog\cl.read.1.tlog
c:\users\serho\source\repos\super campeones s.a\super campeones s.a\x64\debug\super ca.8ce981ad.tlog\cl.write.1.tlog
c:\users\serho\source\repos\super campeones s.a\super campeones s.a\x64\debug\super ca.8ce981ad.tlog\copylocal.read.1u.tlog
c:\users\serho\source\repos\super campeones s.a\super campeones s.a\x64\debug\super ca.8ce981ad.tlog\copylocal.write.1u.tlog
c:\users\serho\source\repos\super campeones s.a\super campeones s.a\x64\debug\super ca.8ce981ad.tlog\link.command.1.tlog
c:\users\serho\source\repos\super campeones s.a\super campeones s.a\x64\debug\super ca.8ce981ad.tlog\link.read.1.tlog
c:\users\serho\source\repos\super campeones s.a\super campeones s.a\x64\debug\super ca.8ce981ad.tlog\link.write.1.tlog
c:\users\serho\source\repos\super campeones s.a\super campeones s.a\x64\debug\super ca.8ce981ad.tlog\metagen.read.1.tlog
c:\users\serho\source\repos\super campeones s.a\super campeones s.a\x64\debug\super ca.8ce981ad.tlog\rc.command.1.tlog
c:\users\serho\source\repos\super campeones s.a\super campeones s.a\x64\debug\super ca.8ce981ad.tlog\rc.read.1.tlog
c:\users\serho\source\repos\super campeones s.a\super campeones s.a\x64\debug\super ca.8ce981ad.tlog\rc.write.1.tlog
c:\users\serho\source\repos\super campeones s.a\super campeones s.a\x64\debug\super ca.8ce981ad.tlog\super campeones s.a.write.1u.tlog
c:\users\serho\source\repos\super campeones s.a\super campeones s.a\x64\debug\super ca.8ce981ad.tlog\mysql.data.dll.metagen
